Release 14.7 Map P.20131013 (nt64)
Xilinx Mapping Report File for Design 'PCIe_ISP_top'

Design Information
------------------
Command Line   : map -intstyle ise -p xc6vlx365t-ff1156-1 -w -logic_opt off -ol
high -t 1 -xt 0 -register_duplication off -r 4 -global_opt off -mt off -ir off
-pr off -lc off -power off -o PCIe_ISP_top_map.ncd PCIe_ISP_top.ngd
PCIe_ISP_top.pcf 
Target Device  : xc6vlx365t
Target Package : ff1156
Target Speed   : -1
Mapper Version : virtex6 -- $Revision: 1.55 $
Mapped Date    : Thu May 16 23:37:25 2019

Design Summary
--------------
Number of errors:      0
Number of warnings:    0
Slice Logic Utilization:
  Number of Slice Registers:                 1,284 out of 455,040    1%
    Number used as Flip Flops:               1,283
    Number used as Latches:                      1
    Number used as Latch-thrus:                  0
    Number used as AND/OR logics:                0
  Number of Slice LUTs:                      1,404 out of 227,520    1%
    Number used as logic:                    1,331 out of 227,520    1%
      Number using O6 output only:             877
      Number using O5 output only:              52
      Number using O5 and O6:                  402
      Number used as ROM:                        0
    Number used as Memory:                       5 out of  66,080    1%
      Number used as Dual Port RAM:              0
      Number used as Single Port RAM:            0
      Number used as Shift Register:             5
        Number using O6 output only:             2
        Number using O5 output only:             0
        Number using O5 and O6:                  3
    Number used exclusively as route-thrus:     68
      Number with same-slice register load:     49
      Number with same-slice carry load:        19
      Number with other load:                    0

Slice Logic Distribution:
  Number of occupied Slices:                   630 out of  56,880    1%
  Number of LUT Flip Flop pairs used:        1,645
    Number with an unused Flip Flop:           562 out of   1,645   34%
    Number with an unused LUT:                 241 out of   1,645   14%
    Number of fully used LUT-FF pairs:         842 out of   1,645   51%
    Number of unique control sets:              43
    Number of slice register sites lost
      to control set restrictions:             172 out of 455,040    1%

  A LUT Flip Flop pair for this architecture represents one LUT paired with
  one Flip Flop within a slice.  A control set is a unique combination of
  clock, reset, set, and enable signals for a registered element.
  The Slice Logic Distribution report is not meaningful if the design is
  over-mapped for a non-slice resource or if Placement fails.
  OVERMAPPING of BRAM resources should be ignored if the design is
  over-mapped for a non-BRAM resource or if placement fails.

IO Utilization:
  Number of bonded IOBs:                        50 out of     600    8%
    Number of LOCed IOBs:                        3 out of      50    6%
    Number of bonded IPADs:                     18
      Number of LOCed IPADs:                     9 out of      18   50%
    Number of bonded OPADs:                     16
      Number of LOCed OPADs:                     8 out of      16   50%

Specific Feature Utilization:
  Number of RAMB36E1/FIFO36E1s:                  9 out of     416    2%
    Number using RAMB36E1 only:                  8
    Number using FIFO36E1 only:                  1
  Number of RAMB18E1/FIFO18E1s:                  0 out of     832    0%
  Number of BUFG/BUFGCTRLs:                      7 out of      32   21%
    Number used as BUFGs:                        7
    Number used as BUFGCTRLs:                    0
  Number of ILOGICE1/ISERDESE1s:                 0 out of     960    0%
  Number of OLOGICE1/OSERDESE1s:                 1 out of     960    1%
    Number used as OLOGICE1s:                    1
    Number used as OSERDESE1s:                   0
  Number of BSCANs:                              0 out of       4    0%
  Number of BUFHCEs:                             0 out of     144    0%
  Number of BUFIODQSs:                           0 out of      96    0%
  Number of BUFRs:                               0 out of      48    0%
  Number of CAPTUREs:                            0 out of       1    0%
  Number of DSP48E1s:                            0 out of     576    0%
  Number of EFUSE_USRs:                          0 out of       1    0%
  Number of FRAME_ECCs:                          0 out of       1    0%
  Number of GTXE1s:                              8 out of      20   40%
  Number of IBUFDS_GTXE1s:                       1 out of      12    8%
  Number of ICAPs:                               0 out of       2    0%
  Number of IDELAYCTRLs:                         0 out of      24    0%
  Number of IODELAYE1s:                          0 out of     960    0%
  Number of MMCM_ADVs:                           1 out of      12    8%
  Number of PCIE_2_0s:                           1 out of       2   50%
  Number of STARTUPs:                            1 out of       1  100%
  Number of SYSMONs:                             0 out of       1    0%
  Number of TEMAC_SINGLEs:                       0 out of       4    0%

Average Fanout of Non-Clock Nets:                3.21

Peak Memory Usage:  850 MB
Total REAL time to MAP completion:  1 mins 23 secs 
Total CPU time to MAP completion:   1 mins 23 secs 

Table of Contents
-----------------
Section 1 - Errors
Section 2 - Warnings
Section 3 - Informational
Section 4 - Removed Logic Summary
Section 5 - Removed Logic
Section 6 - IOB Properties
Section 7 - RPMs
Section 8 - Guide Report
Section 9 - Area Group and Partition Summary
Section 10 - Timing Report
Section 11 - Configuration String Information
Section 12 - Control Set Information
Section 13 - Utilization by Hierarchy

Section 1 - Errors
------------------

Section 2 - Warnings
--------------------

Section 3 - Informational
-------------------------
INFO:LIT:243 - Logical network pcie_pio_app/trn_rsrc_dsc_n has no load.
INFO:LIT:395 - The above info message is repeated 21 more times for the
   following (max. 5 shown):
   pcie_pio_app/trn_reof_n,
   pcie_pio_app/trn_rrem_n,
   pcie_pio_app/cfg_command<2>,
   pcie_pio_app/trn_rbar_hit_n<0>,
   pcie_pio_app/trn_rbar_hit_n<1>
   To see the details of these info messages, please use the -detail switch.
INFO:MapLib:562 - No environment variables are currently set.
INFO:LIT:244 - All of the single ended outputs in this design are using slew
   rate limited output drivers. The delay on speed critical single ended outputs
   can be dramatically reduced by designating them as fast outputs.
INFO:Pack:1716 - Initializing temperature to 85.000 Celsius. (default - Range:
   0.000 to 85.000 Celsius)
INFO:Pack:1720 - Initializing voltage to 0.950 Volts. (default - Range: 0.950 to
   1.050 Volts)
INFO:Map:215 - The Interim Design Summary has been generated in the MAP Report
   (.mrp).
INFO:Place:834 - Only a subset of IOs are locked. Out of 50 IOs, 3 are locked
   and 47 are not locked. If you would like to print the names of these IOs,
   please set the environment variable XIL_PAR_DESIGN_CHECK_VERBOSE to 1. 
INFO:Pack:1650 - Map created a placed design.

Section 4 - Removed Logic Summary
---------------------------------
  21 block(s) removed
   6 block(s) optimized away
  33 signal(s) removed

Section 5 - Removed Logic
-------------------------

The trimmed logic report below shows the logic removed from your design due to
sourceless or loadless signals, and VCC or ground connections.  If the removal
of a signal or symbol results in the subsequent removal of an additional signal
or symbol, the message explaining that second removal will be indented.  This
indentation will be repeated as a chain of related logic is removed.

To quickly locate the original cause for the removal of a chain of logic, look
above the place where that logic is listed in the trimming report, then locate
the lines that are least indented (begin at the leftmost edge).

Loadless block
"pcie_pio_app/core/pcie_2_0_i/pcie_gt_i/gtx_v6_i/GTXD[5].GTX_RX_VALID_FILTER/rx_
elec_idle_delay" (SRL16E) removed.
The signal "pcie_pio_app/trn_reset_n_i/Q" is sourceless and has been removed.
The signal "pcie_pio_app/trn_reset_n_i/VCC" is sourceless and has been removed.
 Sourceless block "pcie_pio_app/trn_reset_n_i/FDCP" (FF) removed.
The signal "pcie_pio_app/app/PIO/PIO_EP/data_transfer_i/config_FIFO_i/full" is
sourceless and has been removed.
 Sourceless block
"pcie_pio_app/app/PIO/PIO_EP/data_transfer_i/config_FIFO_i/U0/xst_fifo_generator
/gconvfifo.rf/gbiv5.bi/v6_fifo.fblk/overflow_int1" (ROM) removed.
  The signal
"pcie_pio_app/app/PIO/PIO_EP/data_transfer_i/config_FIFO_i/U0/xst_fifo_generator
/gconvfifo.rf/gbiv5.bi/v6_fifo.fblk/overflow_int" is sourceless and has been
removed.
   Sourceless block
"pcie_pio_app/app/PIO/PIO_EP/data_transfer_i/config_FIFO_i/U0/xst_fifo_generator
/gconvfifo.rf/gbiv5.bi/v6_fifo.fblk/OVERFLOW" (FF) removed.
    The signal
"pcie_pio_app/app/PIO/PIO_EP/data_transfer_i/config_FIFO_i/U0/xst_fifo_generator
/gconvfifo.rf/gbiv5.bi/v6_fifo.fblk/OVERFLOW" is sourceless and has been
removed.
The signal
"pcie_pio_app/app/PIO/PIO_EP/data_transfer_i/config_FIFO_i/U0/xst_fifo_generator
/gconvfifo.rf/gbiv5.bi/v6_fifo.fblk/UNDERFLOW" is sourceless and has been
removed.
The signal
"pcie_pio_app/app/PIO/PIO_EP/data_transfer_i/config_FIFO_i/U0/xst_fifo_generator
/gconvfifo.rf/gbiv5.bi/v6_fifo.fblk/underflow_int" is sourceless and has been
removed.
 Sourceless block
"pcie_pio_app/app/PIO/PIO_EP/data_transfer_i/config_FIFO_i/U0/xst_fifo_generator
/gconvfifo.rf/gbiv5.bi/v6_fifo.fblk/UNDERFLOW" (FF) removed.
The signal "bidir_IO[8].IOBUF_i/O" is sourceless and has been removed.
The signal "bidir_IO[9].IOBUF_i/O" is sourceless and has been removed.
The signal "bidir_IO[10].IOBUF_i/O" is sourceless and has been removed.
The signal "bidir_IO[11].IOBUF_i/O" is sourceless and has been removed.
The signal "bidir_IO[12].IOBUF_i/O" is sourceless and has been removed.
The signal "bidir_IO[13].IOBUF_i/O" is sourceless and has been removed.
The signal "bidir_IO[14].IOBUF_i/O" is sourceless and has been removed.
The signal "bidir_IO[15].IOBUF_i/O" is sourceless and has been removed.

The trimmed logic reported below is either:
   1. part of a cycle
   2. part of disabled logic
   3. a side-effect of other trimmed logic

The signal "pcie_pio_app/trn_rsrc_dsc_n" is unused and has been removed.
The signal "pcie_pio_app/trn_reof_n" is unused and has been removed.
The signal "pcie_pio_app/trn_rrem_n" is unused and has been removed.
The signal "pcie_pio_app/trn_reset_n_int1" is unused and has been removed.
 Unused block "pcie_pio_app/core/trn_reset_n_i" (FF) removed.
  The signal "pcie_pio_app/core/trn_reset_n_int1_phy_rdy_n_AND_3_o" is unused and
has been removed.
   Unused block "pcie_pio_app/core/trn_reset_n_int1_phy_rdy_n_AND_3_o1" (ROM)
removed.
    The signal "pcie_pio_app/core/trn_reset_n_int1" is unused and has been removed.
     Unused block "pcie_pio_app/core/trn_reset_n_int_i" (FF) removed.
      The signal "pcie_pio_app/core/trn_reset_n_int_phy_rdy_n_AND_4_o" is unused and
has been removed.
       Unused block "pcie_pio_app/core/trn_reset_n_int_phy_rdy_n_AND_4_o1" (ROM)
removed.
        The signal "pcie_pio_app/core/trn_reset_n_int" is unused and has been removed.
The signal "pcie_pio_app/cfg_command<2>" is unused and has been removed.
The signal "pcie_pio_app/trn_rbar_hit_n<0>" is unused and has been removed.
The signal "pcie_pio_app/trn_rbar_hit_n<1>" is unused and has been removed.
The signal "pcie_pio_app/trn_rbar_hit_n<2>" is unused and has been removed.
The signal "pcie_pio_app/trn_rbar_hit_n<3>" is unused and has been removed.
The signal "pcie_pio_app/trn_rbar_hit_n<4>" is unused and has been removed.
The signal "pcie_pio_app/trn_rbar_hit_n<5>" is unused and has been removed.
The signal "pcie_pio_app/trn_rbar_hit_n<6>" is unused and has been removed.
The signal "programmer_i/CurrentState_FSM_FFd30" is unused and has been removed.
 Unused block "programmer_i/CurrentState_FSM_FFd30" (FF) removed.
  The signal "programmer_i/CurrentState_FSM_FFd30-In" is unused and has been
removed.
   Unused block "programmer_i/CurrentState_FSM_FFd30-In1" (ROM) removed.
Unused block "bidir_IO[10].IOBUF_i/IBUF" (BUF) removed.
Unused block "bidir_IO[11].IOBUF_i/IBUF" (BUF) removed.
Unused block "bidir_IO[12].IOBUF_i/IBUF" (BUF) removed.
Unused block "bidir_IO[13].IOBUF_i/IBUF" (BUF) removed.
Unused block "bidir_IO[14].IOBUF_i/IBUF" (BUF) removed.
Unused block "bidir_IO[15].IOBUF_i/IBUF" (BUF) removed.
Unused block "bidir_IO[8].IOBUF_i/IBUF" (BUF) removed.
Unused block "bidir_IO[9].IOBUF_i/IBUF" (BUF) removed.
Unused block
"pcie_pio_app/app/PIO/PIO_EP/data_transfer_i/config_FIFO_i/U0/xst_fifo_generator
/gconvfifo.rf/gbiv5.bi/v6_fifo.fblk/underflow_int1" (ROM) removed.
Unused block "pcie_pio_app/trn_reset_n_i/X_ONE" (ONE) removed.

Optimized Block(s):
TYPE 		BLOCK
GND 		XST_GND
VCC 		XST_VCC
GND 		pcie_pio_app/app/PIO/PIO_EP/data_transfer_i/config_FIFO_i/XST_GND
VCC 		pcie_pio_app/app/PIO/PIO_EP/data_transfer_i/config_FIFO_i/XST_VCC
GND 		pcie_pio_app/app/PIO/XST_GND
VCC 		pcie_pio_app/app/PIO/XST_VCC

To enable printing of redundant blocks removed and signals merged, set the
detailed map report option and rerun map.

Section 6 - IOB Properties
--------------------------

+---------------------------------------------------------------------------------------------------------------------------------------------------------+
| IOB Name                           | Type             | Direction | IO Standard          | Diff  | Drive    | Slew | Reg (s)      | Resistor | IOB      |
|                                    |                  |           |                      | Term  | Strength | Rate |              |          | Delay    |
+---------------------------------------------------------------------------------------------------------------------------------------------------------+
| A_pin<1>                           | IOB              | OUTPUT    | LVCMOS25             |       | 12       | SLOW |              |          |          |
| A_pin<2>                           | IOB              | OUTPUT    | LVCMOS25             |       | 12       | SLOW |              |          |          |
| A_pin<3>                           | IOB              | OUTPUT    | LVCMOS25             |       | 12       | SLOW |              |          |          |
| A_pin<4>                           | IOB              | OUTPUT    | LVCMOS25             |       | 12       | SLOW |              |          |          |
| A_pin<5>                           | IOB              | OUTPUT    | LVCMOS25             |       | 12       | SLOW |              |          |          |
| A_pin<6>                           | IOB              | OUTPUT    | LVCMOS25             |       | 12       | SLOW |              |          |          |
| A_pin<7>                           | IOB              | OUTPUT    | LVCMOS25             |       | 12       | SLOW |              |          |          |
| A_pin<8>                           | IOB              | OUTPUT    | LVCMOS25             |       | 12       | SLOW |              |          |          |
| A_pin<9>                           | IOB              | OUTPUT    | LVCMOS25             |       | 12       | SLOW |              |          |          |
| A_pin<10>                          | IOB              | OUTPUT    | LVCMOS25             |       | 12       | SLOW |              |          |          |
| A_pin<11>                          | IOB              | OUTPUT    | LVCMOS25             |       | 12       | SLOW |              |          |          |
| A_pin<12>                          | IOB              | OUTPUT    | LVCMOS25             |       | 12       | SLOW |              |          |          |
| A_pin<13>                          | IOB              | OUTPUT    | LVCMOS25             |       | 12       | SLOW |              |          |          |
| A_pin<14>                          | IOB              | OUTPUT    | LVCMOS25             |       | 12       | SLOW |              |          |          |
| A_pin<15>                          | IOB              | OUTPUT    | LVCMOS25             |       | 12       | SLOW |              |          |          |
| A_pin<16>                          | IOB              | OUTPUT    | LVCMOS25             |       | 12       | SLOW |              |          |          |
| A_pin<17>                          | IOB              | OUTPUT    | LVCMOS25             |       | 12       | SLOW |              |          |          |
| A_pin<18>                          | IOB              | OUTPUT    | LVCMOS25             |       | 12       | SLOW |              |          |          |
| A_pin<19>                          | IOB              | OUTPUT    | LVCMOS25             |       | 12       | SLOW |              |          |          |
| A_pin<20>                          | IOB              | OUTPUT    | LVCMOS25             |       | 12       | SLOW |              |          |          |
| A_pin<21>                          | IOB              | OUTPUT    | LVCMOS25             |       | 12       | SLOW |              |          |          |
| A_pin<22>                          | IOB              | OUTPUT    | LVCMOS25             |       | 12       | SLOW |              |          |          |
| A_pin<23>                          | IOB              | OUTPUT    | LVCMOS25             |       | 12       | SLOW |              |          |          |
| A_pin<24>                          | IOB              | OUTPUT    | LVCMOS25             |       | 12       | SLOW |              |          |          |
| CS_N_pin                           | IOB              | OUTPUT    | LVCMOS25             |       | 12       | SLOW |              |          |          |
| CS_SEL_pin                         | IOB              | OUTPUT    | LVCMOS25             |       | 12       | SLOW |              |          |          |
| DQ_pin<0>                          | IOB              | BIDIR     | LVCMOS25             |       | 12       | SLOW |              |          |          |
| DQ_pin<1>                          | IOB              | BIDIR     | LVCMOS25             |       | 12       | SLOW |              |          |          |
| DQ_pin<2>                          | IOB              | BIDIR     | LVCMOS25             |       | 12       | SLOW |              |          |          |
| DQ_pin<3>                          | IOB              | BIDIR     | LVCMOS25             |       | 12       | SLOW |              |          |          |
| DQ_pin<4>                          | IOB              | BIDIR     | LVCMOS25             |       | 12       | SLOW |              |          |          |
| DQ_pin<5>                          | IOB              | BIDIR     | LVCMOS25             |       | 12       | SLOW |              |          |          |
| DQ_pin<6>                          | IOB              | BIDIR     | LVCMOS25             |       | 12       | SLOW |              |          |          |
| DQ_pin<7>                          | IOB              | BIDIR     | LVCMOS25             |       | 12       | SLOW |              |          |          |
| DQ_pin<8>                          | IOB              | OUTPUT    | LVCMOS25             |       | 12       | SLOW |              |          |          |
| DQ_pin<9>                          | IOB              | OUTPUT    | LVCMOS25             |       | 12       | SLOW |              |          |          |
| DQ_pin<10>                         | IOB              | OUTPUT    | LVCMOS25             |       | 12       | SLOW |              |          |          |
| DQ_pin<11>                         | IOB              | OUTPUT    | LVCMOS25             |       | 12       | SLOW |              |          |          |
| DQ_pin<12>                         | IOB              | OUTPUT    | LVCMOS25             |       | 12       | SLOW |              |          |          |
| DQ_pin<13>                         | IOB              | OUTPUT    | LVCMOS25             |       | 12       | SLOW |              |          |          |
| DQ_pin<14>                         | IOB              | OUTPUT    | LVCMOS25             |       | 12       | SLOW |              |          |          |
| DQ_pin<15>                         | IOB              | OUTPUT    | LVCMOS25             |       | 12       | SLOW |              |          |          |
| ERROR_pin<0>                       | IOB              | OUTPUT    | LVCMOS25             |       | 12       | SLOW |              |          |          |
| ERROR_pin<1>                       | IOB              | OUTPUT    | LVCMOS25             |       | 12       | SLOW |              |          |          |
| ERROR_pin<2>                       | IOB              | OUTPUT    | LVCMOS25             |       | 12       | SLOW |              |          |          |
| OE_N_pin                           | IOB              | OUTPUT    | LVCMOS25             |       | 12       | SLOW |              |          |          |
| PCIe_reset_n                       | IOB              | INPUT     | LVCMOS25             |       |          |      |              |          |          |
| WE_N_pin                           | IOB              | OUTPUT    | LVCMOS25             |       | 12       | SLOW |              |          |          |
| led_0                              | IOB              | OUTPUT    | LVCMOS25             |       | 12       | SLOW |              |          |          |
| led_1                              | IOB              | OUTPUT    | LVCMOS25             |       | 12       | SLOW |              |          |          |
| pci_exp_rxn<0>                     | IPAD             | INPUT     |                      |       |          |      |              |          |          |
| pci_exp_rxn<1>                     | IPAD             | INPUT     |                      |       |          |      |              |          |          |
| pci_exp_rxn<2>                     | IPAD             | INPUT     |                      |       |          |      |              |          |          |
| pci_exp_rxn<3>                     | IPAD             | INPUT     |                      |       |          |      |              |          |          |
| pci_exp_rxn<4>                     | IPAD             | INPUT     |                      |       |          |      |              |          |          |
| pci_exp_rxn<5>                     | IPAD             | INPUT     |                      |       |          |      |              |          |          |
| pci_exp_rxn<6>                     | IPAD             | INPUT     |                      |       |          |      |              |          |          |
| pci_exp_rxn<7>                     | IPAD             | INPUT     |                      |       |          |      |              |          |          |
| pci_exp_rxp<0>                     | IPAD             | INPUT     |                      |       |          |      |              |          |          |
| pci_exp_rxp<1>                     | IPAD             | INPUT     |                      |       |          |      |              |          |          |
| pci_exp_rxp<2>                     | IPAD             | INPUT     |                      |       |          |      |              |          |          |
| pci_exp_rxp<3>                     | IPAD             | INPUT     |                      |       |          |      |              |          |          |
| pci_exp_rxp<4>                     | IPAD             | INPUT     |                      |       |          |      |              |          |          |
| pci_exp_rxp<5>                     | IPAD             | INPUT     |                      |       |          |      |              |          |          |
| pci_exp_rxp<6>                     | IPAD             | INPUT     |                      |       |          |      |              |          |          |
| pci_exp_rxp<7>                     | IPAD             | INPUT     |                      |       |          |      |              |          |          |
| pci_exp_txn<0>                     | OPAD             | OUTPUT    |                      |       |          |      |              |          |          |
| pci_exp_txn<1>                     | OPAD             | OUTPUT    |                      |       |          |      |              |          |          |
| pci_exp_txn<2>                     | OPAD             | OUTPUT    |                      |       |          |      |              |          |          |
| pci_exp_txn<3>                     | OPAD             | OUTPUT    |                      |       |          |      |              |          |          |
| pci_exp_txn<4>                     | OPAD             | OUTPUT    |                      |       |          |      |              |          |          |
| pci_exp_txn<5>                     | OPAD             | OUTPUT    |                      |       |          |      |              |          |          |
| pci_exp_txn<6>                     | OPAD             | OUTPUT    |                      |       |          |      |              |          |          |
| pci_exp_txn<7>                     | OPAD             | OUTPUT    |                      |       |          |      |              |          |          |
| pci_exp_txp<0>                     | OPAD             | OUTPUT    |                      |       |          |      |              |          |          |
| pci_exp_txp<1>                     | OPAD             | OUTPUT    |                      |       |          |      |              |          |          |
| pci_exp_txp<2>                     | OPAD             | OUTPUT    |                      |       |          |      |              |          |          |
| pci_exp_txp<3>                     | OPAD             | OUTPUT    |                      |       |          |      |              |          |          |
| pci_exp_txp<4>                     | OPAD             | OUTPUT    |                      |       |          |      |              |          |          |
| pci_exp_txp<5>                     | OPAD             | OUTPUT    |                      |       |          |      |              |          |          |
| pci_exp_txp<6>                     | OPAD             | OUTPUT    |                      |       |          |      |              |          |          |
| pci_exp_txp<7>                     | OPAD             | OUTPUT    |                      |       |          |      |              |          |          |
| sys_clk_n                          | IPAD             | INPUT     |                      |       |          |      |              |          |          |
| sys_clk_p                          | IPAD             | INPUT     |                      |       |          |      |              |          |          |
+---------------------------------------------------------------------------------------------------------------------------------------------------------+

Section 7 - RPMs
----------------

Section 8 - Guide Report
------------------------
Guide not run on this design.

Section 9 - Area Group and Partition Summary
--------------------------------------------

Partition Implementation Status
-------------------------------

  No Partitions were found in this design.

-------------------------------

Area Group Information
----------------------

  No area groups were found in this design.

----------------------

Section 10 - Timing Report
--------------------------
A logic-level (pre-route) timing report can be generated by using Xilinx static
timing analysis tools, Timing Analyzer (GUI) or TRCE (command line), with the
mapped NCD and PCF files. Please note that this timing report will be generated
using estimated delay information. For accurate numbers, please generate a
timing report with the post Place and Route NCD file.

For more information about the Timing Analyzer, consult the Xilinx Timing
Analyzer Reference Manual; for more information about TRCE, consult the Xilinx
Command Line Tools User Guide "TRACE" chapter.

Section 11 - Configuration String Details
-----------------------------------------
Use the "-detail" map option to print out Configuration Strings

Section 12 - Control Set Information
------------------------------------
Use the "-detail" map option to print out Control Set Information.

Section 13 - Utilization by Hierarchy
-------------------------------------
Use the "-detail" map option to print out the Utilization by Hierarchy section.
