#-----------------------------------------------------------
# PlanAhead v14.7 (64-bit)
# Build 321239 by xbuild on Fri Sep 27 19:29:51 MDT 2013
# Start of session at: Wed Jun 12 14:11:36 2019
# Process ID: 908
# Log file: E:/V6/usb_ttl_com_ch340/usb_ttl_com/planAhead_run_1/planAhead.log
# Journal file: E:/V6/usb_ttl_com_ch340/usb_ttl_com/planAhead_run_1/planAhead.jou
#-----------------------------------------------------------
INFO: [Common 17-78] Attempting to get a license: PlanAhead
INFO: [Common 17-290] Got license for PlanAhead
INFO: [Device 21-36] Loading parts and site information from E:/ise14_7/ISE14.7/14.7/ISE_DS/PlanAhead/data/parts/arch.xml
Parsing RTL primitives file [E:/ise14_7/ISE14.7/14.7/ISE_DS/PlanAhead/data/parts/xilinx/rtl/prims/rtl_prims.xml]
Finished parsing RTL primitives file [E:/ise14_7/ISE14.7/14.7/ISE_DS/PlanAhead/data/parts/xilinx/rtl/prims/rtl_prims.xml]
start_gui
INFO: [Common 17-81] Feature available: PartialReconfiguration
source E:/V6/usb_ttl_com_ch340/usb_ttl_com/pa.fromHdl.tcl
# create_project -name usb_ttl_com -dir "E:/V6/usb_ttl_com_ch340/usb_ttl_com/planAhead_run_2" -part xc6vlx365tff1156-1
# set_param project.pinAheadLayout yes
# set srcset [get_property srcset [current_run -impl]]
# set_property target_constrs_file "usb_ttl_com.ucf" [current_fileset -constrset]
Adding file 'E:/V6/usb_ttl_com_ch340/usb_ttl_com/usb_ttl_com.ucf' to fileset 'constrs_1'
# set hdlfile [add_files [list {usb_ttl_com.v}]]
# set_property file_type Verilog $hdlfile
# set_property library work $hdlfile
# set_property top usb_ttl_com $srcset
# add_files [list {usb_ttl_com.ucf}] -fileset [get_property constrset [current_run]]
# open_rtl_design -part xc6vlx365tff1156-1
Using Verific elaboration
Parsing VHDL file "E:/ise14_7/ISE14.7/14.7/ISE_DS/PlanAhead/data/parts/xilinx/rtl/lib/synplify/synattr.vhd" into library synplify
Analyzing Verilog file "E:/V6/usb_ttl_com_ch340/usb_ttl_com/usb_ttl_com.v" into library work
Loading clock regions from E:/ise14_7/ISE14.7/14.7/ISE_DS/PlanAhead/data\parts/xilinx/virtex6/virtex6lxt/xc6vlx365t/ClockRegion.xml
Loading clock buffers from E:/ise14_7/ISE14.7/14.7/ISE_DS/PlanAhead/data\parts/xilinx/virtex6/virtex6lxt/xc6vlx365t/ClockBuffers.xml
Loading clock placement rules from E:/ise14_7/ISE14.7/14.7/ISE_DS/PlanAhead/data/parts/xilinx/virtex6/ClockPlacerRules.xml
Loading clock capable ios from E:/ise14_7/ISE14.7/14.7/ISE_DS/PlanAhead/data/parts/xilinx/virtex6/ClockCapableIOBs.xml
Loading package pin functions from E:/ise14_7/ISE14.7/14.7/ISE_DS/PlanAhead/data\parts/xilinx/virtex6/PinFunctions.xml...
Loading package from E:/ise14_7/ISE14.7/14.7/ISE_DS/PlanAhead/data\parts/xilinx/virtex6/virtex6lxt/xc6vlx365t/ff1156/Package.xml
Loading io standards from E:/ise14_7/ISE14.7/14.7/ISE_DS/PlanAhead/data\./parts/xilinx/virtex6/IOStandards.xml
Loading device configuration modes from E:/ise14_7/ISE14.7/14.7/ISE_DS/PlanAhead/data\parts/xilinx/virtex6/ConfigModes.xml
Loading list of drcs for the architecture : E:/ise14_7/ISE14.7/14.7/ISE_DS/PlanAhead/data\./parts/xilinx/virtex6/drc.xml
Parsing UCF File [E:/V6/usb_ttl_com_ch340/usb_ttl_com/usb_ttl_com.ucf]
Finished Parsing UCF File [E:/V6/usb_ttl_com_ch340/usb_ttl_com/usb_ttl_com.ucf]
INFO: [Project 1-111] Unisim Transformation Summary:
No Unisim elements were transformed.

Phase 0 | Netlist Checksum: 711bb623
open_rtl_design: Time (s): elapsed = 00:00:25 . Memory (MB): peak = 810.316 ; gain = 298.871
update_compile_order -fileset sim_1
exit
ERROR: [PlanAhead 12-106] *** Exception: ui.h.b: Found deleted key in HTclEventBroker. Verify if the classes listed here call cleanup()
HTclEvent: SIGNAL_BUS_MODIFY   Classes: ui.views.aR 
HTclEvent: SIGNAL_MODIFY   Classes: ui.views.aR 
HTclEvent: DEBUG_PORT_CONFIG_CHANGE   Classes: ui.views.aR 
HTclEvent: DEBUG_CORE_CONFIG_CHANGE   Classes: ui.views.aR 
 (See E:/V6/usb_ttl_com_ch340/usb_ttl_com\planAhead_pid908.debug)
ERROR: [Common 17-39] 'stop_gui' failed due to earlier errors.
INFO: [Common 17-206] Exiting PlanAhead at Wed Jun 12 14:13:17 2019...
INFO: [Common 17-83] Releasing license: PlanAhead
