#-----------------------------------------------------------
# PlanAhead v14.7 (64-bit)
# Build 321239 by xbuild on Fri Sep 27 19:29:51 MDT 2013
# Start of session at: Wed Jun 12 14:11:41 2019
# Process ID: 4472
# Log file: E:/V6/usb_ttl_com_ch340/usb_ttl_com/planAhead_run_2/planAhead.log
# Journal file: E:/V6/usb_ttl_com_ch340/usb_ttl_com/planAhead_run_2/planAhead.jou
#-----------------------------------------------------------
INFO: [Common 17-78] Attempting to get a license: PlanAhead
INFO: [Common 17-290] Got license for PlanAhead
INFO: [Device 21-36] Loading parts and site information from E:/ise14_7/ISE14.7/14.7/ISE_DS/PlanAhead/data/parts/arch.xml
Parsing RTL primitives file [E:/ise14_7/ISE14.7/14.7/ISE_DS/PlanAhead/data/parts/xilinx/rtl/prims/rtl_prims.xml]
Finished parsing RTL primitives file [E:/ise14_7/ISE14.7/14.7/ISE_DS/PlanAhead/data/parts/xilinx/rtl/prims/rtl_prims.xml]
start_gui
INFO: [Common 17-81] Feature available: PartialReconfiguration
source E:/V6/usb_ttl_com_ch340/usb_ttl_com/pa.fromHdl.tcl
# create_project -name usb_ttl_com -dir "E:/V6/usb_ttl_com_ch340/usb_ttl_com/planAhead_run_2" -part xc6vlx365tff1156-1
# set_param project.pinAheadLayout yes
# set srcset [get_property srcset [current_run -impl]]
# set_property target_constrs_file "usb_ttl_com.ucf" [current_fileset -constrset]
Adding file 'E:/V6/usb_ttl_com_ch340/usb_ttl_com/usb_ttl_com.ucf' to fileset 'constrs_1'
# set hdlfile [add_files [list {usb_ttl_com.v}]]
# set_property file_type Verilog $hdlfile
# set_property library work $hdlfile
# set_property top usb_ttl_com $srcset
# add_files [list {usb_ttl_com.ucf}] -fileset [get_property constrset [current_run]]
# open_rtl_design -part xc6vlx365tff1156-1
Using Verific elaboration
Parsing VHDL file "E:/ise14_7/ISE14.7/14.7/ISE_DS/PlanAhead/data/parts/xilinx/rtl/lib/synplify/synattr.vhd" into library synplify
Analyzing Verilog file "E:/V6/usb_ttl_com_ch340/usb_ttl_com/usb_ttl_com.v" into library work
Loading clock regions from E:/ise14_7/ISE14.7/14.7/ISE_DS/PlanAhead/data\parts/xilinx/virtex6/virtex6lxt/xc6vlx365t/ClockRegion.xml
Loading clock buffers from E:/ise14_7/ISE14.7/14.7/ISE_DS/PlanAhead/data\parts/xilinx/virtex6/virtex6lxt/xc6vlx365t/ClockBuffers.xml
Loading clock placement rules from E:/ise14_7/ISE14.7/14.7/ISE_DS/PlanAhead/data/parts/xilinx/virtex6/ClockPlacerRules.xml
Loading clock capable ios from E:/ise14_7/ISE14.7/14.7/ISE_DS/PlanAhead/data/parts/xilinx/virtex6/ClockCapableIOBs.xml
Loading package pin functions from E:/ise14_7/ISE14.7/14.7/ISE_DS/PlanAhead/data\parts/xilinx/virtex6/PinFunctions.xml...
Loading package from E:/ise14_7/ISE14.7/14.7/ISE_DS/PlanAhead/data\parts/xilinx/virtex6/virtex6lxt/xc6vlx365t/ff1156/Package.xml
Loading io standards from E:/ise14_7/ISE14.7/14.7/ISE_DS/PlanAhead/data\./parts/xilinx/virtex6/IOStandards.xml
Loading device configuration modes from E:/ise14_7/ISE14.7/14.7/ISE_DS/PlanAhead/data\parts/xilinx/virtex6/ConfigModes.xml
Loading list of drcs for the architecture : E:/ise14_7/ISE14.7/14.7/ISE_DS/PlanAhead/data\./parts/xilinx/virtex6/drc.xml
Parsing UCF File [E:/V6/usb_ttl_com_ch340/usb_ttl_com/usb_ttl_com.ucf]
Finished Parsing UCF File [E:/V6/usb_ttl_com_ch340/usb_ttl_com/usb_ttl_com.ucf]
INFO: [Project 1-111] Unisim Transformation Summary:
No Unisim elements were transformed.

Phase 0 | Netlist Checksum: 711bb623
open_rtl_design: Time (s): elapsed = 00:00:25 . Memory (MB): peak = 839.203 ; gain = 306.246
update_compile_order -fileset sim_1
INFO: [Power 33-160] Power Analysis is not supported for 6-series devices.
startgroup
set_property package_pin H28 [get_ports clk]
INFO: [Power 33-160] Power Analysis is not supported for 6-series devices.
INFO: [Power 33-160] Power Analysis is not supported for 6-series devices.
endgroup
INFO: [Power 33-160] Power Analysis is not supported for 6-series devices.
startgroup
set_property package_pin A9 [get_ports key_input]
INFO: [Power 33-160] Power Analysis is not supported for 6-series devices.
INFO: [Power 33-160] Power Analysis is not supported for 6-series devices.
endgroup
INFO: [Power 33-160] Power Analysis is not supported for 6-series devices.
startgroup
set_property package_pin A10 [get_ports rst]
INFO: [Power 33-160] Power Analysis is not supported for 6-series devices.
INFO: [Power 33-160] Power Analysis is not supported for 6-series devices.
endgroup
INFO: [Power 33-160] Power Analysis is not supported for 6-series devices.
startgroup
set_property package_pin A8 [get_ports rxd]
INFO: [Power 33-160] Power Analysis is not supported for 6-series devices.
INFO: [Power 33-160] Power Analysis is not supported for 6-series devices.
endgroup
INFO: [Power 33-160] Power Analysis is not supported for 6-series devices.
startgroup
set_property package_pin B8 [get_ports txd]
INFO: [Power 33-160] Power Analysis is not supported for 6-series devices.
INFO: [Power 33-160] Power Analysis is not supported for 6-series devices.
endgroup
INFO: [Power 33-160] Power Analysis is not supported for 6-series devices.
startgroup
set_property package_pin AP22 [get_ports {seg_data[7]}]
INFO: [Power 33-160] Power Analysis is not supported for 6-series devices.
INFO: [Power 33-160] Power Analysis is not supported for 6-series devices.
endgroup
INFO: [Power 33-160] Power Analysis is not supported for 6-series devices.
startgroup
set_property package_pin AP21 [get_ports {seg_data[6]}]
INFO: [Power 33-160] Power Analysis is not supported for 6-series devices.
INFO: [Power 33-160] Power Analysis is not supported for 6-series devices.
endgroup
INFO: [Power 33-160] Power Analysis is not supported for 6-series devices.
startgroup
set_property package_pin AP20 [get_ports {seg_data[5]}]
INFO: [Power 33-160] Power Analysis is not supported for 6-series devices.
INFO: [Power 33-160] Power Analysis is not supported for 6-series devices.
endgroup
INFO: [Power 33-160] Power Analysis is not supported for 6-series devices.
startgroup
set_property package_pin AP19 [get_ports {seg_data[4]}]
INFO: [Power 33-160] Power Analysis is not supported for 6-series devices.
INFO: [Power 33-160] Power Analysis is not supported for 6-series devices.
endgroup
INFO: [Power 33-160] Power Analysis is not supported for 6-series devices.
startgroup
set_property package_pin AP17 [get_ports {seg_data[3]}]
INFO: [Power 33-160] Power Analysis is not supported for 6-series devices.
INFO: [Power 33-160] Power Analysis is not supported for 6-series devices.
endgroup
INFO: [Power 33-160] Power Analysis is not supported for 6-series devices.
startgroup
set_property package_pin A15 [get_ports {seg_data[2]}]
INFO: [Power 33-160] Power Analysis is not supported for 6-series devices.
INFO: [Power 33-160] Power Analysis is not supported for 6-series devices.
endgroup
INFO: [Power 33-160] Power Analysis is not supported for 6-series devices.
startgroup
set_property package_pin AN14 [get_ports {seg_data[1]}]
INFO: [Power 33-160] Power Analysis is not supported for 6-series devices.
INFO: [Power 33-160] Power Analysis is not supported for 6-series devices.
endgroup
INFO: [Power 33-160] Power Analysis is not supported for 6-series devices.
startgroup
set_property package_pin AP14 [get_ports {seg_data[0]}]
INFO: [Power 33-160] Power Analysis is not supported for 6-series devices.
INFO: [Power 33-160] Power Analysis is not supported for 6-series devices.
endgroup
INFO: [Power 33-160] Power Analysis is not supported for 6-series devices.
INFO: [Power 33-160] Power Analysis is not supported for 6-series devices.
startgroup
set_property package_pin A4 [get_ports rxd]
INFO: [Power 33-160] Power Analysis is not supported for 6-series devices.
INFO: [Power 33-160] Power Analysis is not supported for 6-series devices.
INFO: [Power 33-160] Power Analysis is not supported for 6-series devices.
endgroup
INFO: [Power 33-160] Power Analysis is not supported for 6-series devices.
startgroup
set_property package_pin A8 [get_ports txd]
INFO: [Power 33-160] Power Analysis is not supported for 6-series devices.
INFO: [Power 33-160] Power Analysis is not supported for 6-series devices.
INFO: [Power 33-160] Power Analysis is not supported for 6-series devices.
endgroup
INFO: [Power 33-160] Power Analysis is not supported for 6-series devices.
startgroup
set_property package_pin B8 [get_ports rxd]
INFO: [Power 33-160] Power Analysis is not supported for 6-series devices.
INFO: [Common 17-14] Message 'Power 33-160' appears 50 times and further instances of the messages will be disabled. Use the Tcl command set_msg_limit to change the current settings.
endgroup
startgroup
set_property package_pin A10 [get_ports rst]
endgroup
